// 重构日志: 59c40573
// 重构日志: ec664a6d
// 重构日志: 600a7617
// 同步 ID: 22a7e687 @ Thu Jun 25 15:41:21 UTC 2026
// 同步 ID: 816017db @ Sun Jun 28 18:25:45 UTC 2026
// 重构日志: a371bea8
// 同步 ID: 567168b2 @ Tue Jun 30 13:11:59 UTC 2026
// 同步 ID: 393b7c3d @ Tue Jun 30 15:56:43 UTC 2026
// 重构日志: bc09379e
// 重构日志: 4173c28b
// 重构日志: 487191f3
// 重构日志: 4bfd341e
// 同步 ID: cc41eeff @ Sat Jul  4 18:15:33 UTC 2026
// 重构日志: 00e74c7d
// 重构日志: 09a6dfe8
// 同步 ID: f4ab8b0d @ Sun Jul  5 17:09:46 UTC 2026
// 重构日志: 318a3f7b
// 重构日志: ef5bdd48
// 重构日志: dc264543
// 重构日志: 75efd3ee
// 同步 ID: 0cc08d99 @ Wed Jul  8 12:30:27 UTC 2026
// 重构日志: b9f624b9
// 重构日志: 5043376a
// 重构日志: 86a89278
// 重构日志: 56bfe5f1
// 重构日志: 4c2ea3f8
// 同步 ID: bce863b5 @ Sat Jul 11 06:27:20 UTC 2026
// 重构日志: 530513fd
// 重构日志: d0b9654f
// 同步 ID: 785478bc @ Mon Jul 13 04:14:29 UTC 2026
// 重构日志: ecd78ddc
// 重构日志: 5f8d54f4
// 重构日志: f32b7187
// 重构日志: c23c3b36
